TN:
SF:src/server.js
FN:17,(anonymous_0)
FN:24,(anonymous_1)
FN:32,(anonymous_2)
FN:40,(anonymous_3)
FN:52,start
FN:53,(anonymous_5)
FNF:6
FNH:0
FNDA:0,(anonymous_0)
FNDA:0,(anonymous_1)
FNDA:0,(anonymous_2)
FNDA:0,(anonymous_3)
FNDA:0,start
FNDA:0,(anonymous_5)
DA:4,1
DA:5,1
DA:6,1
DA:7,1
DA:9,1
DA:10,1
DA:11,1
DA:12,1
DA:14,1
DA:17,1
DA:18,0
DA:24,1
DA:25,0
DA:28,0
DA:32,1
DA:33,0
DA:36,0
DA:40,1
DA:41,0
DA:42,0
DA:46,1
DA:48,1
DA:50,1
DA:53,0
DA:54,0
DA:58,1
LF:26
LH:17
BRDA:7,0,0,1
BRDA:7,0,1,0
BRF:2
BRH:1
end_of_record
TN:
SF:src/error-handlers/404.js
FN:3,notFoundHandler
FNF:1
FNH:1
FNDA:1,notFoundHandler
DA:4,1
DA:5,1
DA:6,1
DA:9,1
LF:4
LH:4
BRF:0
BRH:0
end_of_record
TN:
SF:src/error-handlers/500.js
FN:3,errorHandler
FNF:1
FNH:0
FNDA:0,errorHandler
DA:4,0
DA:5,0
DA:6,0
DA:9,1
LF:4
LH:1
BRF:0
BRH:0
end_of_record
TN:
SF:src/middleware/logger.js
FN:3,logRequest
FNF:1
FNH:1
FNDA:2,logRequest
DA:4,2
DA:5,2
DA:8,2
LF:3
LH:3
BRF:0
BRH:0
end_of_record
TN:
SF:src/middleware/validator.js
FN:3,validator
FNF:1
FNH:0
FNDA:0,validator
DA:4,0
DA:5,0
DA:7,0
DA:11,1
LF:4
LH:1
BRDA:4,0,0,0
BRDA:4,0,1,0
BRF:2
BRH:0
end_of_record
