TN:
SF:src/server.js
FN:17,(anonymous_0)
FN:24,(anonymous_1)
FN:55,start
FN:56,(anonymous_3)
FNF:4
FNH:1
FNDA:0,(anonymous_0)
FNDA:1,(anonymous_1)
FNDA:0,start
FNDA:0,(anonymous_3)
DA:4,2
DA:5,2
DA:6,2
DA:7,2
DA:9,2
DA:10,2
DA:11,2
DA:12,2
DA:14,2
DA:17,2
DA:18,0
DA:24,2
DA:25,1
DA:27,1
DA:30,1
DA:48,2
DA:50,2
DA:52,2
DA:53,2
DA:56,0
DA:57,0
DA:61,2
LF:22
LH:19
BRDA:7,0,0,2
BRDA:7,0,1,0
BRF:2
BRH:1
end_of_record
TN:
SF:src/error-handlers/404.js
FN:3,notFoundHandler
FNF:1
FNH:1
FNDA:1,notFoundHandler
DA:4,1
DA:5,1
DA:6,1
DA:9,2
LF:4
LH:4
BRF:0
BRH:0
end_of_record
TN:
SF:src/error-handlers/500.js
FN:3,errorHandler
FNF:1
FNH:1
FNDA:1,errorHandler
DA:4,1
DA:5,1
DA:6,1
DA:7,1
DA:10,2
LF:5
LH:5
BRF:0
BRH:0
end_of_record
TN:
SF:src/middleware/logger.js
FN:3,logRequest
FNF:1
FNH:1
FNDA:2,logRequest
DA:4,2
DA:5,2
DA:8,3
LF:3
LH:3
BRF:0
BRH:0
end_of_record
TN:
SF:src/middleware/validator.js
FN:3,validator
FNF:1
FNH:1
FNDA:2,validator
DA:2,2
DA:4,2
DA:5,1
DA:7,1
DA:15,2
LF:5
LH:5
BRDA:4,0,0,1
BRDA:4,0,1,1
BRF:2
BRH:2
end_of_record
